2023-09-27T16:51:28.636+05:30  INFO 17900 --- [restartedMain] .b.E.EmployeeManagementSystemApplication : Starting EmployeeManagementSystemApplication using Java 17.0.8 with PID 17900 (C:\Users\Praveen\eclipse-workspace\Capstone\Backend\EmployeeManagementSystem\target\classes started by Praveen in C:\Users\Praveen\eclipse-workspace\Capstone\Backend\EmployeeManagementSystem)
2023-09-27T16:51:28.637+05:30  INFO 17900 --- [restartedMain] .b.E.EmployeeManagementSystemApplication : No active profile set, falling back to 1 default profile: "default"
2023-09-27T16:51:28.877+05:30  INFO 17900 --- [restartedMain] .s.d.r.c.RepositoryConfigurationDelegate : Bootstrapping Spring Data JPA repositories in DEFAULT mode.
2023-09-27T16:51:28.896+05:30  INFO 17900 --- [restartedMain] .s.d.r.c.RepositoryConfigurationDelegate : Finished Spring Data repository scanning in 17 ms. Found 3 JPA repository interfaces.
2023-09-27T16:51:29.045+05:30  INFO 17900 --- [restartedMain] o.s.b.w.embedded.tomcat.TomcatWebServer  : Tomcat initialized with port(s): 8080 (http)
2023-09-27T16:51:29.046+05:30  INFO 17900 --- [restartedMain] o.apache.catalina.core.StandardService   : Starting service [Tomcat]
2023-09-27T16:51:29.046+05:30  INFO 17900 --- [restartedMain] o.apache.catalina.core.StandardEngine    : Starting Servlet engine: [Apache Tomcat/10.1.11]
2023-09-27T16:51:29.072+05:30  INFO 17900 --- [restartedMain] o.a.c.c.C.[Tomcat-2].[localhost].[/]     : Initializing Spring embedded WebApplicationContext
2023-09-27T16:51:29.073+05:30  INFO 17900 --- [restartedMain] w.s.c.ServletWebServerApplicationContext : Root WebApplicationContext: initialization completed in 432 ms
2023-09-27T16:51:29.124+05:30  INFO 17900 --- [restartedMain] o.hibernate.jpa.internal.util.LogHelper  : HHH000204: Processing PersistenceUnitInfo [name: default]
2023-09-27T16:51:29.135+05:30  INFO 17900 --- [restartedMain] o.h.b.i.BytecodeProviderInitiator        : HHH000021: Bytecode provider name : bytebuddy
2023-09-27T16:51:29.135+05:30  INFO 17900 --- [restartedMain] o.s.o.j.p.SpringPersistenceUnitInfo      : No LoadTimeWeaver setup: ignoring JPA class transformer
2023-09-27T16:51:29.137+05:30  INFO 17900 --- [restartedMain] com.zaxxer.hikari.HikariDataSource       : HikariPool-14 - Starting...
2023-09-27T16:51:29.155+05:30  INFO 17900 --- [restartedMain] com.zaxxer.hikari.pool.HikariPool        : HikariPool-14 - Added connection com.mysql.cj.jdbc.ConnectionImpl@3658cf1
2023-09-27T16:51:29.155+05:30  INFO 17900 --- [restartedMain] com.zaxxer.hikari.HikariDataSource       : HikariPool-14 - Start completed.
2023-09-27T16:51:29.176+05:30  INFO 17900 --- [restartedMain] o.h.b.i.BytecodeProviderInitiator        : HHH000021: Bytecode provider name : bytebuddy
2023-09-27T16:51:29.188+05:30  WARN 17900 --- [restartedMain] EntityRepresentationStrategyPojoStandard : HHH000305: Could not create proxy factory for:com.backend.EMS.Model.RequestResource

org.hibernate.HibernateException: Getter methods of lazy classes cannot be final: com.backend.EMS.Model.RequestResource#getComment
	at org.hibernate.proxy.pojo.ProxyFactoryHelper.validateGetterSetterMethodProxyability(ProxyFactoryHelper.java:80) ~[hibernate-core-6.2.6.Final.jar:6.2.6.Final]
	at org.hibernate.metamodel.internal.EntityRepresentationStrategyPojoStandard.createProxyFactory(EntityRepresentationStrategyPojoStandard.java:229) ~[hibernate-core-6.2.6.Final.jar:6.2.6.Final]
	at org.hibernate.metamodel.internal.EntityRepresentationStrategyPojoStandard.<init>(EntityRepresentationStrategyPojoStandard.java:147) ~[hibernate-core-6.2.6.Final.jar:6.2.6.Final]
	at org.hibernate.metamodel.internal.ManagedTypeRepresentationResolverStandard.resolveStrategy(ManagedTypeRepresentationResolverStandard.java:62) ~[hibernate-core-6.2.6.Final.jar:6.2.6.Final]
	at org.hibernate.persister.entity.AbstractEntityPersister.<init>(AbstractEntityPersister.java:508) ~[hibernate-core-6.2.6.Final.jar:6.2.6.Final]
	at org.hibernate.persister.entity.SingleTableEntityPersister.<init>(SingleTableEntityPersister.java:140) ~[hibernate-core-6.2.6.Final.jar:6.2.6.Final]
	at java.base/jdk.internal.reflect.NativeConstructorAccessorImpl.newInstance0(Native Method) ~[na:na]
	at java.base/jdk.internal.reflect.NativeConstructorAccessorImpl.newInstance(NativeConstructorAccessorImpl.java:77) ~[na:na]
	at java.base/jdk.internal.reflect.DelegatingConstructorAccessorImpl.newInstance(DelegatingConstructorAccessorImpl.java:45) ~[na:na]
	at java.base/java.lang.reflect.Constructor.newInstanceWithCaller(Constructor.java:499) ~[na:na]
	at java.base/java.lang.reflect.Constructor.newInstance(Constructor.java:480) ~[na:na]
	at org.hibernate.persister.internal.PersisterFactoryImpl.createEntityPersister(PersisterFactoryImpl.java:92) ~[hibernate-core-6.2.6.Final.jar:6.2.6.Final]
	at org.hibernate.persister.internal.PersisterFactoryImpl.createEntityPersister(PersisterFactoryImpl.java:75) ~[hibernate-core-6.2.6.Final.jar:6.2.6.Final]
	at org.hibernate.metamodel.model.domain.internal.MappingMetamodelImpl.processBootEntities(MappingMetamodelImpl.java:247) ~[hibernate-core-6.2.6.Final.jar:6.2.6.Final]
	at org.hibernate.metamodel.model.domain.internal.MappingMetamodelImpl.finishInitialization(MappingMetamodelImpl.java:185) ~[hibernate-core-6.2.6.Final.jar:6.2.6.Final]
	at org.hibernate.internal.SessionFactoryImpl.initializeMappingModel(SessionFactoryImpl.java:320) ~[hibernate-core-6.2.6.Final.jar:6.2.6.Final]
	at org.hibernate.internal.SessionFactoryImpl.<init>(SessionFactoryImpl.java:270) ~[hibernate-core-6.2.6.Final.jar:6.2.6.Final]
	at org.hibernate.boot.internal.SessionFactoryBuilderImpl.build(SessionFactoryBuilderImpl.java:431) ~[hibernate-core-6.2.6.Final.jar:6.2.6.Final]
	at org.hibernate.jpa.boot.internal.EntityManagerFactoryBuilderImpl.build(EntityManagerFactoryBuilderImpl.java:1455) ~[hibernate-core-6.2.6.Final.jar:6.2.6.Final]
	at org.springframework.orm.jpa.vendor.SpringHibernateJpaPersistenceProvider.createContainerEntityManagerFactory(SpringHibernateJpaPersistenceProvider.java:75) ~[spring-orm-6.0.11.jar:6.0.11]
	at org.springframework.orm.jpa.LocalContainerEntityManagerFactoryBean.createNativeEntityManagerFactory(LocalContainerEntityManagerFactoryBean.java:376) ~[spring-orm-6.0.11.jar:6.0.11]
	at org.springframework.orm.jpa.AbstractEntityManagerFactoryBean.buildNativeEntityManagerFactory(AbstractEntityManagerFactoryBean.java:409) ~[spring-orm-6.0.11.jar:6.0.11]
	at org.springframework.orm.jpa.AbstractEntityManagerFactoryBean.afterPropertiesSet(AbstractEntityManagerFactoryBean.java:396) ~[spring-orm-6.0.11.jar:6.0.11]
	at org.springframework.orm.jpa.LocalContainerEntityManagerFactoryBean.afterPropertiesSet(LocalContainerEntityManagerFactoryBean.java:352) ~[spring-orm-6.0.11.jar:6.0.11]
	at org.springframework.beans.factory.support.AbstractAutowireCapableBeanFactory.invokeInitMethods(AbstractAutowireCapableBeanFactory.java:1817) ~[spring-beans-6.0.11.jar:6.0.11]
	at org.springframework.beans.factory.support.AbstractAutowireCapableBeanFactory.initializeBean(AbstractAutowireCapableBeanFactory.java:1766) ~[spring-beans-6.0.11.jar:6.0.11]
	at org.springframework.beans.factory.support.AbstractAutowireCapableBeanFactory.doCreateBean(AbstractAutowireCapableBeanFactory.java:598) ~[spring-beans-6.0.11.jar:6.0.11]
	at org.springframework.beans.factory.support.AbstractAutowireCapableBeanFactory.createBean(AbstractAutowireCapableBeanFactory.java:520) ~[spring-beans-6.0.11.jar:6.0.11]
	at org.springframework.beans.factory.support.AbstractBeanFactory.lambda$doGetBean$0(AbstractBeanFactory.java:326) ~[spring-beans-6.0.11.jar:6.0.11]
	at org.springframework.beans.factory.support.DefaultSingletonBeanRegistry.getSingleton(DefaultSingletonBeanRegistry.java:234) ~[spring-beans-6.0.11.jar:6.0.11]
	at org.springframework.beans.factory.support.AbstractBeanFactory.doGetBean(AbstractBeanFactory.java:324) ~[spring-beans-6.0.11.jar:6.0.11]
	at org.springframework.beans.factory.support.AbstractBeanFactory.getBean(AbstractBeanFactory.java:200) ~[spring-beans-6.0.11.jar:6.0.11]
	at org.springframework.context.support.AbstractApplicationContext.getBean(AbstractApplicationContext.java:1155) ~[spring-context-6.0.11.jar:6.0.11]
	at org.springframework.context.support.AbstractApplicationContext.finishBeanFactoryInitialization(AbstractApplicationContext.java:932) ~[spring-context-6.0.11.jar:6.0.11]
	at org.springframework.context.support.AbstractApplicationContext.refresh(AbstractApplicationContext.java:608) ~[spring-context-6.0.11.jar:6.0.11]
	at org.springframework.boot.web.servlet.context.ServletWebServerApplicationContext.refresh(ServletWebServerApplicationContext.java:146) ~[spring-boot-3.1.2.jar:3.1.2]
	at org.springframework.boot.SpringApplication.refresh(SpringApplication.java:734) ~[spring-boot-3.1.2.jar:3.1.2]
	at org.springframework.boot.SpringApplication.refreshContext(SpringApplication.java:436) ~[spring-boot-3.1.2.jar:3.1.2]
	at org.springframework.boot.SpringApplication.run(SpringApplication.java:312) ~[spring-boot-3.1.2.jar:3.1.2]
	at org.springframework.boot.SpringApplication.run(SpringApplication.java:1306) ~[spring-boot-3.1.2.jar:3.1.2]
	at org.springframework.boot.SpringApplication.run(SpringApplication.java:1295) ~[spring-boot-3.1.2.jar:3.1.2]
	at com.backend.EMS.EmployeeManagementSystemApplication.main(EmployeeManagementSystemApplication.java:16) ~[classes/:na]
	at java.base/jdk.internal.reflect.NativeMethodAccessorImpl.invoke0(Native Method) ~[na:na]
	at java.base/jdk.internal.reflect.NativeMethodAccessorImpl.invoke(NativeMethodAccessorImpl.java:77) ~[na:na]
	at java.base/jdk.internal.reflect.DelegatingMethodAccessorImpl.invoke(DelegatingMethodAccessorImpl.java:43) ~[na:na]
	at java.base/java.lang.reflect.Method.invoke(Method.java:568) ~[na:na]
	at org.springframework.boot.devtools.restart.RestartLauncher.run(RestartLauncher.java:50) ~[spring-boot-devtools-3.1.2.jar:3.1.2]

2023-09-27T16:51:29.193+05:30  WARN 17900 --- [restartedMain] EntityRepresentationStrategyPojoStandard : HHH000305: Could not create proxy factory for:com.backend.EMS.Model.Employee

org.hibernate.HibernateException: Getter methods of lazy classes cannot be final: com.backend.EMS.Model.Employee#getContactNo
	at org.hibernate.proxy.pojo.ProxyFactoryHelper.validateGetterSetterMethodProxyability(ProxyFactoryHelper.java:80) ~[hibernate-core-6.2.6.Final.jar:6.2.6.Final]
	at org.hibernate.metamodel.internal.EntityRepresentationStrategyPojoStandard.createProxyFactory(EntityRepresentationStrategyPojoStandard.java:229) ~[hibernate-core-6.2.6.Final.jar:6.2.6.Final]
	at org.hibernate.metamodel.internal.EntityRepresentationStrategyPojoStandard.<init>(EntityRepresentationStrategyPojoStandard.java:147) ~[hibernate-core-6.2.6.Final.jar:6.2.6.Final]
	at org.hibernate.metamodel.internal.ManagedTypeRepresentationResolverStandard.resolveStrategy(ManagedTypeRepresentationResolverStandard.java:62) ~[hibernate-core-6.2.6.Final.jar:6.2.6.Final]
	at org.hibernate.persister.entity.AbstractEntityPersister.<init>(AbstractEntityPersister.java:508) ~[hibernate-core-6.2.6.Final.jar:6.2.6.Final]
	at org.hibernate.persister.entity.SingleTableEntityPersister.<init>(SingleTableEntityPersister.java:140) ~[hibernate-core-6.2.6.Final.jar:6.2.6.Final]
	at java.base/jdk.internal.reflect.NativeConstructorAccessorImpl.newInstance0(Native Method) ~[na:na]
	at java.base/jdk.internal.reflect.NativeConstructorAccessorImpl.newInstance(NativeConstructorAccessorImpl.java:77) ~[na:na]
	at java.base/jdk.internal.reflect.DelegatingConstructorAccessorImpl.newInstance(DelegatingConstructorAccessorImpl.java:45) ~[na:na]
	at java.base/java.lang.reflect.Constructor.newInstanceWithCaller(Constructor.java:499) ~[na:na]
	at java.base/java.lang.reflect.Constructor.newInstance(Constructor.java:480) ~[na:na]
	at org.hibernate.persister.internal.PersisterFactoryImpl.createEntityPersister(PersisterFactoryImpl.java:92) ~[hibernate-core-6.2.6.Final.jar:6.2.6.Final]
	at org.hibernate.persister.internal.PersisterFactoryImpl.createEntityPersister(PersisterFactoryImpl.java:75) ~[hibernate-core-6.2.6.Final.jar:6.2.6.Final]
	at org.hibernate.metamodel.model.domain.internal.MappingMetamodelImpl.processBootEntities(MappingMetamodelImpl.java:247) ~[hibernate-core-6.2.6.Final.jar:6.2.6.Final]
	at org.hibernate.metamodel.model.domain.internal.MappingMetamodelImpl.finishInitialization(MappingMetamodelImpl.java:185) ~[hibernate-core-6.2.6.Final.jar:6.2.6.Final]
	at org.hibernate.internal.SessionFactoryImpl.initializeMappingModel(SessionFactoryImpl.java:320) ~[hibernate-core-6.2.6.Final.jar:6.2.6.Final]
	at org.hibernate.internal.SessionFactoryImpl.<init>(SessionFactoryImpl.java:270) ~[hibernate-core-6.2.6.Final.jar:6.2.6.Final]
	at org.hibernate.boot.internal.SessionFactoryBuilderImpl.build(SessionFactoryBuilderImpl.java:431) ~[hibernate-core-6.2.6.Final.jar:6.2.6.Final]
	at org.hibernate.jpa.boot.internal.EntityManagerFactoryBuilderImpl.build(EntityManagerFactoryBuilderImpl.java:1455) ~[hibernate-core-6.2.6.Final.jar:6.2.6.Final]
	at org.springframework.orm.jpa.vendor.SpringHibernateJpaPersistenceProvider.createContainerEntityManagerFactory(SpringHibernateJpaPersistenceProvider.java:75) ~[spring-orm-6.0.11.jar:6.0.11]
	at org.springframework.orm.jpa.LocalContainerEntityManagerFactoryBean.createNativeEntityManagerFactory(LocalContainerEntityManagerFactoryBean.java:376) ~[spring-orm-6.0.11.jar:6.0.11]
	at org.springframework.orm.jpa.AbstractEntityManagerFactoryBean.buildNativeEntityManagerFactory(AbstractEntityManagerFactoryBean.java:409) ~[spring-orm-6.0.11.jar:6.0.11]
	at org.springframework.orm.jpa.AbstractEntityManagerFactoryBean.afterPropertiesSet(AbstractEntityManagerFactoryBean.java:396) ~[spring-orm-6.0.11.jar:6.0.11]
	at org.springframework.orm.jpa.LocalContainerEntityManagerFactoryBean.afterPropertiesSet(LocalContainerEntityManagerFactoryBean.java:352) ~[spring-orm-6.0.11.jar:6.0.11]
	at org.springframework.beans.factory.support.AbstractAutowireCapableBeanFactory.invokeInitMethods(AbstractAutowireCapableBeanFactory.java:1817) ~[spring-beans-6.0.11.jar:6.0.11]
	at org.springframework.beans.factory.support.AbstractAutowireCapableBeanFactory.initializeBean(AbstractAutowireCapableBeanFactory.java:1766) ~[spring-beans-6.0.11.jar:6.0.11]
	at org.springframework.beans.factory.support.AbstractAutowireCapableBeanFactory.doCreateBean(AbstractAutowireCapableBeanFactory.java:598) ~[spring-beans-6.0.11.jar:6.0.11]
	at org.springframework.beans.factory.support.AbstractAutowireCapableBeanFactory.createBean(AbstractAutowireCapableBeanFactory.java:520) ~[spring-beans-6.0.11.jar:6.0.11]
	at org.springframework.beans.factory.support.AbstractBeanFactory.lambda$doGetBean$0(AbstractBeanFactory.java:326) ~[spring-beans-6.0.11.jar:6.0.11]
	at org.springframework.beans.factory.support.DefaultSingletonBeanRegistry.getSingleton(DefaultSingletonBeanRegistry.java:234) ~[spring-beans-6.0.11.jar:6.0.11]
	at org.springframework.beans.factory.support.AbstractBeanFactory.doGetBean(AbstractBeanFactory.java:324) ~[spring-beans-6.0.11.jar:6.0.11]
	at org.springframework.beans.factory.support.AbstractBeanFactory.getBean(AbstractBeanFactory.java:200) ~[spring-beans-6.0.11.jar:6.0.11]
	at org.springframework.context.support.AbstractApplicationContext.getBean(AbstractApplicationContext.java:1155) ~[spring-context-6.0.11.jar:6.0.11]
	at org.springframework.context.support.AbstractApplicationContext.finishBeanFactoryInitialization(AbstractApplicationContext.java:932) ~[spring-context-6.0.11.jar:6.0.11]
	at org.springframework.context.support.AbstractApplicationContext.refresh(AbstractApplicationContext.java:608) ~[spring-context-6.0.11.jar:6.0.11]
	at org.springframework.boot.web.servlet.context.ServletWebServerApplicationContext.refresh(ServletWebServerApplicationContext.java:146) ~[spring-boot-3.1.2.jar:3.1.2]
	at org.springframework.boot.SpringApplication.refresh(SpringApplication.java:734) ~[spring-boot-3.1.2.jar:3.1.2]
	at org.springframework.boot.SpringApplication.refreshContext(SpringApplication.java:436) ~[spring-boot-3.1.2.jar:3.1.2]
	at org.springframework.boot.SpringApplication.run(SpringApplication.java:312) ~[spring-boot-3.1.2.jar:3.1.2]
	at org.springframework.boot.SpringApplication.run(SpringApplication.java:1306) ~[spring-boot-3.1.2.jar:3.1.2]
	at org.springframework.boot.SpringApplication.run(SpringApplication.java:1295) ~[spring-boot-3.1.2.jar:3.1.2]
	at com.backend.EMS.EmployeeManagementSystemApplication.main(EmployeeManagementSystemApplication.java:16) ~[classes/:na]
	at java.base/jdk.internal.reflect.NativeMethodAccessorImpl.invoke0(Native Method) ~[na:na]
	at java.base/jdk.internal.reflect.NativeMethodAccessorImpl.invoke(NativeMethodAccessorImpl.java:77) ~[na:na]
	at java.base/jdk.internal.reflect.DelegatingMethodAccessorImpl.invoke(DelegatingMethodAccessorImpl.java:43) ~[na:na]
	at java.base/java.lang.reflect.Method.invoke(Method.java:568) ~[na:na]
	at org.springframework.boot.devtools.restart.RestartLauncher.run(RestartLauncher.java:50) ~[spring-boot-devtools-3.1.2.jar:3.1.2]

2023-09-27T16:51:29.203+05:30  WARN 17900 --- [restartedMain] EntityRepresentationStrategyPojoStandard : HHH000305: Could not create proxy factory for:com.backend.EMS.Model.Project

org.hibernate.HibernateException: Getter methods of lazy classes cannot be final: com.backend.EMS.Model.Project#getDescription
	at org.hibernate.proxy.pojo.ProxyFactoryHelper.validateGetterSetterMethodProxyability(ProxyFactoryHelper.java:80) ~[hibernate-core-6.2.6.Final.jar:6.2.6.Final]
	at org.hibernate.metamodel.internal.EntityRepresentationStrategyPojoStandard.createProxyFactory(EntityRepresentationStrategyPojoStandard.java:229) ~[hibernate-core-6.2.6.Final.jar:6.2.6.Final]
	at org.hibernate.metamodel.internal.EntityRepresentationStrategyPojoStandard.<init>(EntityRepresentationStrategyPojoStandard.java:147) ~[hibernate-core-6.2.6.Final.jar:6.2.6.Final]
	at org.hibernate.metamodel.internal.ManagedTypeRepresentationResolverStandard.resolveStrategy(ManagedTypeRepresentationResolverStandard.java:62) ~[hibernate-core-6.2.6.Final.jar:6.2.6.Final]
	at org.hibernate.persister.entity.AbstractEntityPersister.<init>(AbstractEntityPersister.java:508) ~[hibernate-core-6.2.6.Final.jar:6.2.6.Final]
	at org.hibernate.persister.entity.SingleTableEntityPersister.<init>(SingleTableEntityPersister.java:140) ~[hibernate-core-6.2.6.Final.jar:6.2.6.Final]
	at java.base/jdk.internal.reflect.NativeConstructorAccessorImpl.newInstance0(Native Method) ~[na:na]
	at java.base/jdk.internal.reflect.NativeConstructorAccessorImpl.newInstance(NativeConstructorAccessorImpl.java:77) ~[na:na]
	at java.base/jdk.internal.reflect.DelegatingConstructorAccessorImpl.newInstance(DelegatingConstructorAccessorImpl.java:45) ~[na:na]
	at java.base/java.lang.reflect.Constructor.newInstanceWithCaller(Constructor.java:499) ~[na:na]
	at java.base/java.lang.reflect.Constructor.newInstance(Constructor.java:480) ~[na:na]
	at org.hibernate.persister.internal.PersisterFactoryImpl.createEntityPersister(PersisterFactoryImpl.java:92) ~[hibernate-core-6.2.6.Final.jar:6.2.6.Final]
	at org.hibernate.persister.internal.PersisterFactoryImpl.createEntityPersister(PersisterFactoryImpl.java:75) ~[hibernate-core-6.2.6.Final.jar:6.2.6.Final]
	at org.hibernate.metamodel.model.domain.internal.MappingMetamodelImpl.processBootEntities(MappingMetamodelImpl.java:247) ~[hibernate-core-6.2.6.Final.jar:6.2.6.Final]
	at org.hibernate.metamodel.model.domain.internal.MappingMetamodelImpl.finishInitialization(MappingMetamodelImpl.java:185) ~[hibernate-core-6.2.6.Final.jar:6.2.6.Final]
	at org.hibernate.internal.SessionFactoryImpl.initializeMappingModel(SessionFactoryImpl.java:320) ~[hibernate-core-6.2.6.Final.jar:6.2.6.Final]
	at org.hibernate.internal.SessionFactoryImpl.<init>(SessionFactoryImpl.java:270) ~[hibernate-core-6.2.6.Final.jar:6.2.6.Final]
	at org.hibernate.boot.internal.SessionFactoryBuilderImpl.build(SessionFactoryBuilderImpl.java:431) ~[hibernate-core-6.2.6.Final.jar:6.2.6.Final]
	at org.hibernate.jpa.boot.internal.EntityManagerFactoryBuilderImpl.build(EntityManagerFactoryBuilderImpl.java:1455) ~[hibernate-core-6.2.6.Final.jar:6.2.6.Final]
	at org.springframework.orm.jpa.vendor.SpringHibernateJpaPersistenceProvider.createContainerEntityManagerFactory(SpringHibernateJpaPersistenceProvider.java:75) ~[spring-orm-6.0.11.jar:6.0.11]
	at org.springframework.orm.jpa.LocalContainerEntityManagerFactoryBean.createNativeEntityManagerFactory(LocalContainerEntityManagerFactoryBean.java:376) ~[spring-orm-6.0.11.jar:6.0.11]
	at org.springframework.orm.jpa.AbstractEntityManagerFactoryBean.buildNativeEntityManagerFactory(AbstractEntityManagerFactoryBean.java:409) ~[spring-orm-6.0.11.jar:6.0.11]
	at org.springframework.orm.jpa.AbstractEntityManagerFactoryBean.afterPropertiesSet(AbstractEntityManagerFactoryBean.java:396) ~[spring-orm-6.0.11.jar:6.0.11]
	at org.springframework.orm.jpa.LocalContainerEntityManagerFactoryBean.afterPropertiesSet(LocalContainerEntityManagerFactoryBean.java:352) ~[spring-orm-6.0.11.jar:6.0.11]
	at org.springframework.beans.factory.support.AbstractAutowireCapableBeanFactory.invokeInitMethods(AbstractAutowireCapableBeanFactory.java:1817) ~[spring-beans-6.0.11.jar:6.0.11]
	at org.springframework.beans.factory.support.AbstractAutowireCapableBeanFactory.initializeBean(AbstractAutowireCapableBeanFactory.java:1766) ~[spring-beans-6.0.11.jar:6.0.11]
	at org.springframework.beans.factory.support.AbstractAutowireCapableBeanFactory.doCreateBean(AbstractAutowireCapableBeanFactory.java:598) ~[spring-beans-6.0.11.jar:6.0.11]
	at org.springframework.beans.factory.support.AbstractAutowireCapableBeanFactory.createBean(AbstractAutowireCapableBeanFactory.java:520) ~[spring-beans-6.0.11.jar:6.0.11]
	at org.springframework.beans.factory.support.AbstractBeanFactory.lambda$doGetBean$0(AbstractBeanFactory.java:326) ~[spring-beans-6.0.11.jar:6.0.11]
	at org.springframework.beans.factory.support.DefaultSingletonBeanRegistry.getSingleton(DefaultSingletonBeanRegistry.java:234) ~[spring-beans-6.0.11.jar:6.0.11]
	at org.springframework.beans.factory.support.AbstractBeanFactory.doGetBean(AbstractBeanFactory.java:324) ~[spring-beans-6.0.11.jar:6.0.11]
	at org.springframework.beans.factory.support.AbstractBeanFactory.getBean(AbstractBeanFactory.java:200) ~[spring-beans-6.0.11.jar:6.0.11]
	at org.springframework.context.support.AbstractApplicationContext.getBean(AbstractApplicationContext.java:1155) ~[spring-context-6.0.11.jar:6.0.11]
	at org.springframework.context.support.AbstractApplicationContext.finishBeanFactoryInitialization(AbstractApplicationContext.java:932) ~[spring-context-6.0.11.jar:6.0.11]
	at org.springframework.context.support.AbstractApplicationContext.refresh(AbstractApplicationContext.java:608) ~[spring-context-6.0.11.jar:6.0.11]
	at org.springframework.boot.web.servlet.context.ServletWebServerApplicationContext.refresh(ServletWebServerApplicationContext.java:146) ~[spring-boot-3.1.2.jar:3.1.2]
	at org.springframework.boot.SpringApplication.refresh(SpringApplication.java:734) ~[spring-boot-3.1.2.jar:3.1.2]
	at org.springframework.boot.SpringApplication.refreshContext(SpringApplication.java:436) ~[spring-boot-3.1.2.jar:3.1.2]
	at org.springframework.boot.SpringApplication.run(SpringApplication.java:312) ~[spring-boot-3.1.2.jar:3.1.2]
	at org.springframework.boot.SpringApplication.run(SpringApplication.java:1306) ~[spring-boot-3.1.2.jar:3.1.2]
	at org.springframework.boot.SpringApplication.run(SpringApplication.java:1295) ~[spring-boot-3.1.2.jar:3.1.2]
	at com.backend.EMS.EmployeeManagementSystemApplication.main(EmployeeManagementSystemApplication.java:16) ~[classes/:na]
	at java.base/jdk.internal.reflect.NativeMethodAccessorImpl.invoke0(Native Method) ~[na:na]
	at java.base/jdk.internal.reflect.NativeMethodAccessorImpl.invoke(NativeMethodAccessorImpl.java:77) ~[na:na]
	at java.base/jdk.internal.reflect.DelegatingMethodAccessorImpl.invoke(DelegatingMethodAccessorImpl.java:43) ~[na:na]
	at java.base/java.lang.reflect.Method.invoke(Method.java:568) ~[na:na]
	at org.springframework.boot.devtools.restart.RestartLauncher.run(RestartLauncher.java:50) ~[spring-boot-devtools-3.1.2.jar:3.1.2]

2023-09-27T16:51:29.213+05:30  INFO 17900 --- [restartedMain] o.h.e.t.j.p.i.JtaPlatformInitiator       : HHH000490: Using JtaPlatform implementation: [org.hibernate.engine.transaction.jta.platform.internal.NoJtaPlatform]
2023-09-27T16:51:29.278+05:30  INFO 17900 --- [restartedMain] j.LocalContainerEntityManagerFactoryBean : Initialized JPA EntityManagerFactory for persistence unit 'default'
2023-09-27T16:51:29.481+05:30  WARN 17900 --- [restartedMain] JpaBaseConfiguration$JpaWebConfiguration : spring.jpa.open-in-view is enabled by default. Therefore, database queries may be performed during view rendering. Explicitly configure spring.jpa.open-in-view to disable this warning
2023-09-27T16:51:29.618+05:30  INFO 17900 --- [restartedMain] o.s.b.d.a.OptionalLiveReloadServer       : LiveReload server is running on port 35729
2023-09-27T16:51:29.646+05:30  INFO 17900 --- [restartedMain] o.s.b.w.embedded.tomcat.TomcatWebServer  : Tomcat started on port(s): 8080 (http) with context path ''
2023-09-27T16:51:29.652+05:30  INFO 17900 --- [restartedMain] .b.E.EmployeeManagementSystemApplication : Started EmployeeManagementSystemApplication in 1.087 seconds (process running for 23669.464)
2023-09-27T16:51:29.654+05:30  INFO 17900 --- [restartedMain] .ConditionEvaluationDeltaLoggingListener : Condition evaluation unchanged
2023-09-27T16:51:56.190+05:30  INFO 17900 --- [File Watcher] rtingClassPathChangeChangedEventListener : Restarting due to 49 class path changes (0 additions, 4 deletions, 45 modifications)
2023-09-27T16:51:56.214+05:30  INFO 17900 --- [Thread-57] o.apache.catalina.core.StandardService   : Stopping service [Tomcat]
2023-09-27T16:51:56.224+05:30  INFO 17900 --- [Thread-57] j.LocalContainerEntityManagerFactoryBean : Closing JPA EntityManagerFactory for persistence unit 'default'
2023-09-27T16:51:56.225+05:30  INFO 17900 --- [Thread-57] com.zaxxer.hikari.HikariDataSource       : HikariPool-14 - Shutdown initiated...
2023-09-27T16:51:56.239+05:30  INFO 17900 --- [Thread-57] com.zaxxer.hikari.HikariDataSource       : HikariPool-14 - Shutdown completed.
2023-09-27T16:51:56.448+05:30  INFO 17900 --- [restartedMain] .b.E.EmployeeManagementSystemApplication : Starting EmployeeManagementSystemApplication using Java 17.0.8 with PID 17900 (C:\Users\Praveen\eclipse-workspace\Capstone\Backend\EmployeeManagementSystem\target\classes started by Praveen in C:\Users\Praveen\eclipse-workspace\Capstone\Backend\EmployeeManagementSystem)
2023-09-27T16:51:56.449+05:30  INFO 17900 --- [restartedMain] .b.E.EmployeeManagementSystemApplication : No active profile set, falling back to 1 default profile: "default"
2023-09-27T16:51:56.862+05:30  INFO 17900 --- [restartedMain] .s.d.r.c.RepositoryConfigurationDelegate : Bootstrapping Spring Data JPA repositories in DEFAULT mode.
2023-09-27T16:51:56.891+05:30  INFO 17900 --- [restartedMain] .s.d.r.c.RepositoryConfigurationDelegate : Finished Spring Data repository scanning in 28 ms. Found 3 JPA repository interfaces.
2023-09-27T16:51:57.028+05:30  INFO 17900 --- [restartedMain] o.s.b.w.embedded.tomcat.TomcatWebServer  : Tomcat initialized with port(s): 8080 (http)
2023-09-27T16:51:57.029+05:30  INFO 17900 --- [restartedMain] o.apache.catalina.core.StandardService   : Starting service [Tomcat]
2023-09-27T16:51:57.029+05:30  INFO 17900 --- [restartedMain] o.apache.catalina.core.StandardEngine    : Starting Servlet engine: [Apache Tomcat/10.1.11]
2023-09-27T16:51:57.057+05:30  INFO 17900 --- [restartedMain] o.a.c.c.C.[Tomcat-2].[localhost].[/]     : Initializing Spring embedded WebApplicationContext
2023-09-27T16:51:57.057+05:30  INFO 17900 --- [restartedMain] w.s.c.ServletWebServerApplicationContext : Root WebApplicationContext: initialization completed in 585 ms
2023-09-27T16:51:57.116+05:30  INFO 17900 --- [restartedMain] o.hibernate.jpa.internal.util.LogHelper  : HHH000204: Processing PersistenceUnitInfo [name: default]
2023-09-27T16:51:57.135+05:30  INFO 17900 --- [restartedMain] o.h.b.i.BytecodeProviderInitiator        : HHH000021: Bytecode provider name : bytebuddy
2023-09-27T16:51:57.136+05:30  INFO 17900 --- [restartedMain] o.s.o.j.p.SpringPersistenceUnitInfo      : No LoadTimeWeaver setup: ignoring JPA class transformer
2023-09-27T16:51:57.138+05:30  INFO 17900 --- [restartedMain] com.zaxxer.hikari.HikariDataSource       : HikariPool-15 - Starting...
2023-09-27T16:51:57.167+05:30  INFO 17900 --- [restartedMain] com.zaxxer.hikari.pool.HikariPool        : HikariPool-15 - Added connection com.mysql.cj.jdbc.ConnectionImpl@7e5bc005
2023-09-27T16:51:57.167+05:30  INFO 17900 --- [restartedMain] com.zaxxer.hikari.HikariDataSource       : HikariPool-15 - Start completed.
2023-09-27T16:51:57.201+05:30  INFO 17900 --- [restartedMain] o.h.b.i.BytecodeProviderInitiator        : HHH000021: Bytecode provider name : bytebuddy
2023-09-27T16:51:57.222+05:30  WARN 17900 --- [restartedMain] EntityRepresentationStrategyPojoStandard : HHH000305: Could not create proxy factory for:com.backend.EMS.Model.RequestResource

org.hibernate.HibernateException: Getter methods of lazy classes cannot be final: com.backend.EMS.Model.RequestResource#getComment
	at org.hibernate.proxy.pojo.ProxyFactoryHelper.validateGetterSetterMethodProxyability(ProxyFactoryHelper.java:80) ~[hibernate-core-6.2.6.Final.jar:6.2.6.Final]
	at org.hibernate.metamodel.internal.EntityRepresentationStrategyPojoStandard.createProxyFactory(EntityRepresentationStrategyPojoStandard.java:229) ~[hibernate-core-6.2.6.Final.jar:6.2.6.Final]
	at org.hibernate.metamodel.internal.EntityRepresentationStrategyPojoStandard.<init>(EntityRepresentationStrategyPojoStandard.java:147) ~[hibernate-core-6.2.6.Final.jar:6.2.6.Final]
	at org.hibernate.metamodel.internal.ManagedTypeRepresentationResolverStandard.resolveStrategy(ManagedTypeRepresentationResolverStandard.java:62) ~[hibernate-core-6.2.6.Final.jar:6.2.6.Final]
	at org.hibernate.persister.entity.AbstractEntityPersister.<init>(AbstractEntityPersister.java:508) ~[hibernate-core-6.2.6.Final.jar:6.2.6.Final]
	at org.hibernate.persister.entity.SingleTableEntityPersister.<init>(SingleTableEntityPersister.java:140) ~[hibernate-core-6.2.6.Final.jar:6.2.6.Final]
	at java.base/jdk.internal.reflect.NativeConstructorAccessorImpl.newInstance0(Native Method) ~[na:na]
	at java.base/jdk.internal.reflect.NativeConstructorAccessorImpl.newInstance(NativeConstructorAccessorImpl.java:77) ~[na:na]
	at java.base/jdk.internal.reflect.DelegatingConstructorAccessorImpl.newInstance(DelegatingConstructorAccessorImpl.java:45) ~[na:na]
	at java.base/java.lang.reflect.Constructor.newInstanceWithCaller(Constructor.java:499) ~[na:na]
	at java.base/java.lang.reflect.Constructor.newInstance(Constructor.java:480) ~[na:na]
	at org.hibernate.persister.internal.PersisterFactoryImpl.createEntityPersister(PersisterFactoryImpl.java:92) ~[hibernate-core-6.2.6.Final.jar:6.2.6.Final]
	at org.hibernate.persister.internal.PersisterFactoryImpl.createEntityPersister(PersisterFactoryImpl.java:75) ~[hibernate-core-6.2.6.Final.jar:6.2.6.Final]
	at org.hibernate.metamodel.model.domain.internal.MappingMetamodelImpl.processBootEntities(MappingMetamodelImpl.java:247) ~[hibernate-core-6.2.6.Final.jar:6.2.6.Final]
	at org.hibernate.metamodel.model.domain.internal.MappingMetamodelImpl.finishInitialization(MappingMetamodelImpl.java:185) ~[hibernate-core-6.2.6.Final.jar:6.2.6.Final]
	at org.hibernate.internal.SessionFactoryImpl.initializeMappingModel(SessionFactoryImpl.java:320) ~[hibernate-core-6.2.6.Final.jar:6.2.6.Final]
	at org.hibernate.internal.SessionFactoryImpl.<init>(SessionFactoryImpl.java:270) ~[hibernate-core-6.2.6.Final.jar:6.2.6.Final]
	at org.hibernate.boot.internal.SessionFactoryBuilderImpl.build(SessionFactoryBuilderImpl.java:431) ~[hibernate-core-6.2.6.Final.jar:6.2.6.Final]
	at org.hibernate.jpa.boot.internal.EntityManagerFactoryBuilderImpl.build(EntityManagerFactoryBuilderImpl.java:1455) ~[hibernate-core-6.2.6.Final.jar:6.2.6.Final]
	at org.springframework.orm.jpa.vendor.SpringHibernateJpaPersistenceProvider.createContainerEntityManagerFactory(SpringHibernateJpaPersistenceProvider.java:75) ~[spring-orm-6.0.11.jar:6.0.11]
	at org.springframework.orm.jpa.LocalContainerEntityManagerFactoryBean.createNativeEntityManagerFactory(LocalContainerEntityManagerFactoryBean.java:376) ~[spring-orm-6.0.11.jar:6.0.11]
	at org.springframework.orm.jpa.AbstractEntityManagerFactoryBean.buildNativeEntityManagerFactory(AbstractEntityManagerFactoryBean.java:409) ~[spring-orm-6.0.11.jar:6.0.11]
	at org.springframework.orm.jpa.AbstractEntityManagerFactoryBean.afterPropertiesSet(AbstractEntityManagerFactoryBean.java:396) ~[spring-orm-6.0.11.jar:6.0.11]
	at org.springframework.orm.jpa.LocalContainerEntityManagerFactoryBean.afterPropertiesSet(LocalContainerEntityManagerFactoryBean.java:352) ~[spring-orm-6.0.11.jar:6.0.11]
	at org.springframework.beans.factory.support.AbstractAutowireCapableBeanFactory.invokeInitMethods(AbstractAutowireCapableBeanFactory.java:1817) ~[spring-beans-6.0.11.jar:6.0.11]
	at org.springframework.beans.factory.support.AbstractAutowireCapableBeanFactory.initializeBean(AbstractAutowireCapableBeanFactory.java:1766) ~[spring-beans-6.0.11.jar:6.0.11]
	at org.springframework.beans.factory.support.AbstractAutowireCapableBeanFactory.doCreateBean(AbstractAutowireCapableBeanFactory.java:598) ~[spring-beans-6.0.11.jar:6.0.11]
	at org.springframework.beans.factory.support.AbstractAutowireCapableBeanFactory.createBean(AbstractAutowireCapableBeanFactory.java:520) ~[spring-beans-6.0.11.jar:6.0.11]
	at org.springframework.beans.factory.support.AbstractBeanFactory.lambda$doGetBean$0(AbstractBeanFactory.java:326) ~[spring-beans-6.0.11.jar:6.0.11]
	at org.springframework.beans.factory.support.DefaultSingletonBeanRegistry.getSingleton(DefaultSingletonBeanRegistry.java:234) ~[spring-beans-6.0.11.jar:6.0.11]
	at org.springframework.beans.factory.support.AbstractBeanFactory.doGetBean(AbstractBeanFactory.java:324) ~[spring-beans-6.0.11.jar:6.0.11]
	at org.springframework.beans.factory.support.AbstractBeanFactory.getBean(AbstractBeanFactory.java:200) ~[spring-beans-6.0.11.jar:6.0.11]
	at org.springframework.context.support.AbstractApplicationContext.getBean(AbstractApplicationContext.java:1155) ~[spring-context-6.0.11.jar:6.0.11]
	at org.springframework.context.support.AbstractApplicationContext.finishBeanFactoryInitialization(AbstractApplicationContext.java:932) ~[spring-context-6.0.11.jar:6.0.11]
	at org.springframework.context.support.AbstractApplicationContext.refresh(AbstractApplicationContext.java:608) ~[spring-context-6.0.11.jar:6.0.11]
	at org.springframework.boot.web.servlet.context.ServletWebServerApplicationContext.refresh(ServletWebServerApplicationContext.java:146) ~[spring-boot-3.1.2.jar:3.1.2]
	at org.springframework.boot.SpringApplication.refresh(SpringApplication.java:734) ~[spring-boot-3.1.2.jar:3.1.2]
	at org.springframework.boot.SpringApplication.refreshContext(SpringApplication.java:436) ~[spring-boot-3.1.2.jar:3.1.2]
	at org.springframework.boot.SpringApplication.run(SpringApplication.java:312) ~[spring-boot-3.1.2.jar:3.1.2]
	at org.springframework.boot.SpringApplication.run(SpringApplication.java:1306) ~[spring-boot-3.1.2.jar:3.1.2]
	at org.springframework.boot.SpringApplication.run(SpringApplication.java:1295) ~[spring-boot-3.1.2.jar:3.1.2]
	at com.backend.EMS.EmployeeManagementSystemApplication.main(EmployeeManagementSystemApplication.java:16) ~[classes/:na]
	at java.base/jdk.internal.reflect.NativeMethodAccessorImpl.invoke0(Native Method) ~[na:na]
	at java.base/jdk.internal.reflect.NativeMethodAccessorImpl.invoke(NativeMethodAccessorImpl.java:77) ~[na:na]
	at java.base/jdk.internal.reflect.DelegatingMethodAccessorImpl.invoke(DelegatingMethodAccessorImpl.java:43) ~[na:na]
	at java.base/java.lang.reflect.Method.invoke(Method.java:568) ~[na:na]
	at org.springframework.boot.devtools.restart.RestartLauncher.run(RestartLauncher.java:50) ~[spring-boot-devtools-3.1.2.jar:3.1.2]

2023-09-27T16:51:57.229+05:30  WARN 17900 --- [restartedMain] EntityRepresentationStrategyPojoStandard : HHH000305: Could not create proxy factory for:com.backend.EMS.Model.Employee

org.hibernate.HibernateException: Getter methods of lazy classes cannot be final: com.backend.EMS.Model.Employee#getContactNo
	at org.hibernate.proxy.pojo.ProxyFactoryHelper.validateGetterSetterMethodProxyability(ProxyFactoryHelper.java:80) ~[hibernate-core-6.2.6.Final.jar:6.2.6.Final]
	at org.hibernate.metamodel.internal.EntityRepresentationStrategyPojoStandard.createProxyFactory(EntityRepresentationStrategyPojoStandard.java:229) ~[hibernate-core-6.2.6.Final.jar:6.2.6.Final]
	at org.hibernate.metamodel.internal.EntityRepresentationStrategyPojoStandard.<init>(EntityRepresentationStrategyPojoStandard.java:147) ~[hibernate-core-6.2.6.Final.jar:6.2.6.Final]
	at org.hibernate.metamodel.internal.ManagedTypeRepresentationResolverStandard.resolveStrategy(ManagedTypeRepresentationResolverStandard.java:62) ~[hibernate-core-6.2.6.Final.jar:6.2.6.Final]
	at org.hibernate.persister.entity.AbstractEntityPersister.<init>(AbstractEntityPersister.java:508) ~[hibernate-core-6.2.6.Final.jar:6.2.6.Final]
	at org.hibernate.persister.entity.SingleTableEntityPersister.<init>(SingleTableEntityPersister.java:140) ~[hibernate-core-6.2.6.Final.jar:6.2.6.Final]
	at java.base/jdk.internal.reflect.NativeConstructorAccessorImpl.newInstance0(Native Method) ~[na:na]
	at java.base/jdk.internal.reflect.NativeConstructorAccessorImpl.newInstance(NativeConstructorAccessorImpl.java:77) ~[na:na]
	at java.base/jdk.internal.reflect.DelegatingConstructorAccessorImpl.newInstance(DelegatingConstructorAccessorImpl.java:45) ~[na:na]
	at java.base/java.lang.reflect.Constructor.newInstanceWithCaller(Constructor.java:499) ~[na:na]
	at java.base/java.lang.reflect.Constructor.newInstance(Constructor.java:480) ~[na:na]
	at org.hibernate.persister.internal.PersisterFactoryImpl.createEntityPersister(PersisterFactoryImpl.java:92) ~[hibernate-core-6.2.6.Final.jar:6.2.6.Final]
	at org.hibernate.persister.internal.PersisterFactoryImpl.createEntityPersister(PersisterFactoryImpl.java:75) ~[hibernate-core-6.2.6.Final.jar:6.2.6.Final]
	at org.hibernate.metamodel.model.domain.internal.MappingMetamodelImpl.processBootEntities(MappingMetamodelImpl.java:247) ~[hibernate-core-6.2.6.Final.jar:6.2.6.Final]
	at org.hibernate.metamodel.model.domain.internal.MappingMetamodelImpl.finishInitialization(MappingMetamodelImpl.java:185) ~[hibernate-core-6.2.6.Final.jar:6.2.6.Final]
	at org.hibernate.internal.SessionFactoryImpl.initializeMappingModel(SessionFactoryImpl.java:320) ~[hibernate-core-6.2.6.Final.jar:6.2.6.Final]
	at org.hibernate.internal.SessionFactoryImpl.<init>(SessionFactoryImpl.java:270) ~[hibernate-core-6.2.6.Final.jar:6.2.6.Final]
	at org.hibernate.boot.internal.SessionFactoryBuilderImpl.build(SessionFactoryBuilderImpl.java:431) ~[hibernate-core-6.2.6.Final.jar:6.2.6.Final]
	at org.hibernate.jpa.boot.internal.EntityManagerFactoryBuilderImpl.build(EntityManagerFactoryBuilderImpl.java:1455) ~[hibernate-core-6.2.6.Final.jar:6.2.6.Final]
	at org.springframework.orm.jpa.vendor.SpringHibernateJpaPersistenceProvider.createContainerEntityManagerFactory(SpringHibernateJpaPersistenceProvider.java:75) ~[spring-orm-6.0.11.jar:6.0.11]
	at org.springframework.orm.jpa.LocalContainerEntityManagerFactoryBean.createNativeEntityManagerFactory(LocalContainerEntityManagerFactoryBean.java:376) ~[spring-orm-6.0.11.jar:6.0.11]
	at org.springframework.orm.jpa.AbstractEntityManagerFactoryBean.buildNativeEntityManagerFactory(AbstractEntityManagerFactoryBean.java:409) ~[spring-orm-6.0.11.jar:6.0.11]
	at org.springframework.orm.jpa.AbstractEntityManagerFactoryBean.afterPropertiesSet(AbstractEntityManagerFactoryBean.java:396) ~[spring-orm-6.0.11.jar:6.0.11]
	at org.springframework.orm.jpa.LocalContainerEntityManagerFactoryBean.afterPropertiesSet(LocalContainerEntityManagerFactoryBean.java:352) ~[spring-orm-6.0.11.jar:6.0.11]
	at org.springframework.beans.factory.support.AbstractAutowireCapableBeanFactory.invokeInitMethods(AbstractAutowireCapableBeanFactory.java:1817) ~[spring-beans-6.0.11.jar:6.0.11]
	at org.springframework.beans.factory.support.AbstractAutowireCapableBeanFactory.initializeBean(AbstractAutowireCapableBeanFactory.java:1766) ~[spring-beans-6.0.11.jar:6.0.11]
	at org.springframework.beans.factory.support.AbstractAutowireCapableBeanFactory.doCreateBean(AbstractAutowireCapableBeanFactory.java:598) ~[spring-beans-6.0.11.jar:6.0.11]
	at org.springframework.beans.factory.support.AbstractAutowireCapableBeanFactory.createBean(AbstractAutowireCapableBeanFactory.java:520) ~[spring-beans-6.0.11.jar:6.0.11]
	at org.springframework.beans.factory.support.AbstractBeanFactory.lambda$doGetBean$0(AbstractBeanFactory.java:326) ~[spring-beans-6.0.11.jar:6.0.11]
	at org.springframework.beans.factory.support.DefaultSingletonBeanRegistry.getSingleton(DefaultSingletonBeanRegistry.java:234) ~[spring-beans-6.0.11.jar:6.0.11]
	at org.springframework.beans.factory.support.AbstractBeanFactory.doGetBean(AbstractBeanFactory.java:324) ~[spring-beans-6.0.11.jar:6.0.11]
	at org.springframework.beans.factory.support.AbstractBeanFactory.getBean(AbstractBeanFactory.java:200) ~[spring-beans-6.0.11.jar:6.0.11]
	at org.springframework.context.support.AbstractApplicationContext.getBean(AbstractApplicationContext.java:1155) ~[spring-context-6.0.11.jar:6.0.11]
	at org.springframework.context.support.AbstractApplicationContext.finishBeanFactoryInitialization(AbstractApplicationContext.java:932) ~[spring-context-6.0.11.jar:6.0.11]
	at org.springframework.context.support.AbstractApplicationContext.refresh(AbstractApplicationContext.java:608) ~[spring-context-6.0.11.jar:6.0.11]
	at org.springframework.boot.web.servlet.context.ServletWebServerApplicationContext.refresh(ServletWebServerApplicationContext.java:146) ~[spring-boot-3.1.2.jar:3.1.2]
	at org.springframework.boot.SpringApplication.refresh(SpringApplication.java:734) ~[spring-boot-3.1.2.jar:3.1.2]
	at org.springframework.boot.SpringApplication.refreshContext(SpringApplication.java:436) ~[spring-boot-3.1.2.jar:3.1.2]
	at org.springframework.boot.SpringApplication.run(SpringApplication.java:312) ~[spring-boot-3.1.2.jar:3.1.2]
	at org.springframework.boot.SpringApplication.run(SpringApplication.java:1306) ~[spring-boot-3.1.2.jar:3.1.2]
	at org.springframework.boot.SpringApplication.run(SpringApplication.java:1295) ~[spring-boot-3.1.2.jar:3.1.2]
	at com.backend.EMS.EmployeeManagementSystemApplication.main(EmployeeManagementSystemApplication.java:16) ~[classes/:na]
	at java.base/jdk.internal.reflect.NativeMethodAccessorImpl.invoke0(Native Method) ~[na:na]
	at java.base/jdk.internal.reflect.NativeMethodAccessorImpl.invoke(NativeMethodAccessorImpl.java:77) ~[na:na]
	at java.base/jdk.internal.reflect.DelegatingMethodAccessorImpl.invoke(DelegatingMethodAccessorImpl.java:43) ~[na:na]
	at java.base/java.lang.reflect.Method.invoke(Method.java:568) ~[na:na]
	at org.springframework.boot.devtools.restart.RestartLauncher.run(RestartLauncher.java:50) ~[spring-boot-devtools-3.1.2.jar:3.1.2]

2023-09-27T16:51:57.236+05:30  WARN 17900 --- [restartedMain] EntityRepresentationStrategyPojoStandard : HHH000305: Could not create proxy factory for:com.backend.EMS.Model.Project

org.hibernate.HibernateException: Getter methods of lazy classes cannot be final: com.backend.EMS.Model.Project#getDescription
	at org.hibernate.proxy.pojo.ProxyFactoryHelper.validateGetterSetterMethodProxyability(ProxyFactoryHelper.java:80) ~[hibernate-core-6.2.6.Final.jar:6.2.6.Final]
	at org.hibernate.metamodel.internal.EntityRepresentationStrategyPojoStandard.createProxyFactory(EntityRepresentationStrategyPojoStandard.java:229) ~[hibernate-core-6.2.6.Final.jar:6.2.6.Final]
	at org.hibernate.metamodel.internal.EntityRepresentationStrategyPojoStandard.<init>(EntityRepresentationStrategyPojoStandard.java:147) ~[hibernate-core-6.2.6.Final.jar:6.2.6.Final]
	at org.hibernate.metamodel.internal.ManagedTypeRepresentationResolverStandard.resolveStrategy(ManagedTypeRepresentationResolverStandard.java:62) ~[hibernate-core-6.2.6.Final.jar:6.2.6.Final]
	at org.hibernate.persister.entity.AbstractEntityPersister.<init>(AbstractEntityPersister.java:508) ~[hibernate-core-6.2.6.Final.jar:6.2.6.Final]
	at org.hibernate.persister.entity.SingleTableEntityPersister.<init>(SingleTableEntityPersister.java:140) ~[hibernate-core-6.2.6.Final.jar:6.2.6.Final]
	at java.base/jdk.internal.reflect.NativeConstructorAccessorImpl.newInstance0(Native Method) ~[na:na]
	at java.base/jdk.internal.reflect.NativeConstructorAccessorImpl.newInstance(NativeConstructorAccessorImpl.java:77) ~[na:na]
	at java.base/jdk.internal.reflect.DelegatingConstructorAccessorImpl.newInstance(DelegatingConstructorAccessorImpl.java:45) ~[na:na]
	at java.base/java.lang.reflect.Constructor.newInstanceWithCaller(Constructor.java:499) ~[na:na]
	at java.base/java.lang.reflect.Constructor.newInstance(Constructor.java:480) ~[na:na]
	at org.hibernate.persister.internal.PersisterFactoryImpl.createEntityPersister(PersisterFactoryImpl.java:92) ~[hibernate-core-6.2.6.Final.jar:6.2.6.Final]
	at org.hibernate.persister.internal.PersisterFactoryImpl.createEntityPersister(PersisterFactoryImpl.java:75) ~[hibernate-core-6.2.6.Final.jar:6.2.6.Final]
	at org.hibernate.metamodel.model.domain.internal.MappingMetamodelImpl.processBootEntities(MappingMetamodelImpl.java:247) ~[hibernate-core-6.2.6.Final.jar:6.2.6.Final]
	at org.hibernate.metamodel.model.domain.internal.MappingMetamodelImpl.finishInitialization(MappingMetamodelImpl.java:185) ~[hibernate-core-6.2.6.Final.jar:6.2.6.Final]
	at org.hibernate.internal.SessionFactoryImpl.initializeMappingModel(SessionFactoryImpl.java:320) ~[hibernate-core-6.2.6.Final.jar:6.2.6.Final]
	at org.hibernate.internal.SessionFactoryImpl.<init>(SessionFactoryImpl.java:270) ~[hibernate-core-6.2.6.Final.jar:6.2.6.Final]
	at org.hibernate.boot.internal.SessionFactoryBuilderImpl.build(SessionFactoryBuilderImpl.java:431) ~[hibernate-core-6.2.6.Final.jar:6.2.6.Final]
	at org.hibernate.jpa.boot.internal.EntityManagerFactoryBuilderImpl.build(EntityManagerFactoryBuilderImpl.java:1455) ~[hibernate-core-6.2.6.Final.jar:6.2.6.Final]
	at org.springframework.orm.jpa.vendor.SpringHibernateJpaPersistenceProvider.createContainerEntityManagerFactory(SpringHibernateJpaPersistenceProvider.java:75) ~[spring-orm-6.0.11.jar:6.0.11]
	at org.springframework.orm.jpa.LocalContainerEntityManagerFactoryBean.createNativeEntityManagerFactory(LocalContainerEntityManagerFactoryBean.java:376) ~[spring-orm-6.0.11.jar:6.0.11]
	at org.springframework.orm.jpa.AbstractEntityManagerFactoryBean.buildNativeEntityManagerFactory(AbstractEntityManagerFactoryBean.java:409) ~[spring-orm-6.0.11.jar:6.0.11]
	at org.springframework.orm.jpa.AbstractEntityManagerFactoryBean.afterPropertiesSet(AbstractEntityManagerFactoryBean.java:396) ~[spring-orm-6.0.11.jar:6.0.11]
	at org.springframework.orm.jpa.LocalContainerEntityManagerFactoryBean.afterPropertiesSet(LocalContainerEntityManagerFactoryBean.java:352) ~[spring-orm-6.0.11.jar:6.0.11]
	at org.springframework.beans.factory.support.AbstractAutowireCapableBeanFactory.invokeInitMethods(AbstractAutowireCapableBeanFactory.java:1817) ~[spring-beans-6.0.11.jar:6.0.11]
	at org.springframework.beans.factory.support.AbstractAutowireCapableBeanFactory.initializeBean(AbstractAutowireCapableBeanFactory.java:1766) ~[spring-beans-6.0.11.jar:6.0.11]
	at org.springframework.beans.factory.support.AbstractAutowireCapableBeanFactory.doCreateBean(AbstractAutowireCapableBeanFactory.java:598) ~[spring-beans-6.0.11.jar:6.0.11]
	at org.springframework.beans.factory.support.AbstractAutowireCapableBeanFactory.createBean(AbstractAutowireCapableBeanFactory.java:520) ~[spring-beans-6.0.11.jar:6.0.11]
	at org.springframework.beans.factory.support.AbstractBeanFactory.lambda$doGetBean$0(AbstractBeanFactory.java:326) ~[spring-beans-6.0.11.jar:6.0.11]
	at org.springframework.beans.factory.support.DefaultSingletonBeanRegistry.getSingleton(DefaultSingletonBeanRegistry.java:234) ~[spring-beans-6.0.11.jar:6.0.11]
	at org.springframework.beans.factory.support.AbstractBeanFactory.doGetBean(AbstractBeanFactory.java:324) ~[spring-beans-6.0.11.jar:6.0.11]
	at org.springframework.beans.factory.support.AbstractBeanFactory.getBean(AbstractBeanFactory.java:200) ~[spring-beans-6.0.11.jar:6.0.11]
	at org.springframework.context.support.AbstractApplicationContext.getBean(AbstractApplicationContext.java:1155) ~[spring-context-6.0.11.jar:6.0.11]
	at org.springframework.context.support.AbstractApplicationContext.finishBeanFactoryInitialization(AbstractApplicationContext.java:932) ~[spring-context-6.0.11.jar:6.0.11]
	at org.springframework.context.support.AbstractApplicationContext.refresh(AbstractApplicationContext.java:608) ~[spring-context-6.0.11.jar:6.0.11]
	at org.springframework.boot.web.servlet.context.ServletWebServerApplicationContext.refresh(ServletWebServerApplicationContext.java:146) ~[spring-boot-3.1.2.jar:3.1.2]
	at org.springframework.boot.SpringApplication.refresh(SpringApplication.java:734) ~[spring-boot-3.1.2.jar:3.1.2]
	at org.springframework.boot.SpringApplication.refreshContext(SpringApplication.java:436) ~[spring-boot-3.1.2.jar:3.1.2]
	at org.springframework.boot.SpringApplication.run(SpringApplication.java:312) ~[spring-boot-3.1.2.jar:3.1.2]
	at org.springframework.boot.SpringApplication.run(SpringApplication.java:1306) ~[spring-boot-3.1.2.jar:3.1.2]
	at org.springframework.boot.SpringApplication.run(SpringApplication.java:1295) ~[spring-boot-3.1.2.jar:3.1.2]
	at com.backend.EMS.EmployeeManagementSystemApplication.main(EmployeeManagementSystemApplication.java:16) ~[classes/:na]
	at java.base/jdk.internal.reflect.NativeMethodAccessorImpl.invoke0(Native Method) ~[na:na]
	at java.base/jdk.internal.reflect.NativeMethodAccessorImpl.invoke(NativeMethodAccessorImpl.java:77) ~[na:na]
	at java.base/jdk.internal.reflect.DelegatingMethodAccessorImpl.invoke(DelegatingMethodAccessorImpl.java:43) ~[na:na]
	at java.base/java.lang.reflect.Method.invoke(Method.java:568) ~[na:na]
	at org.springframework.boot.devtools.restart.RestartLauncher.run(RestartLauncher.java:50) ~[spring-boot-devtools-3.1.2.jar:3.1.2]

2023-09-27T16:51:57.247+05:30  INFO 17900 --- [restartedMain] o.h.e.t.j.p.i.JtaPlatformInitiator       : HHH000490: Using JtaPlatform implementation: [org.hibernate.engine.transaction.jta.platform.internal.NoJtaPlatform]
2023-09-27T16:51:57.314+05:30  INFO 17900 --- [restartedMain] j.LocalContainerEntityManagerFactoryBean : Initialized JPA EntityManagerFactory for persistence unit 'default'
2023-09-27T16:51:57.626+05:30  WARN 17900 --- [restartedMain] JpaBaseConfiguration$JpaWebConfiguration : spring.jpa.open-in-view is enabled by default. Therefore, database queries may be performed during view rendering. Explicitly configure spring.jpa.open-in-view to disable this warning
2023-09-27T16:51:57.756+05:30  INFO 17900 --- [restartedMain] o.s.b.d.a.OptionalLiveReloadServer       : LiveReload server is running on port 35729
2023-09-27T16:51:57.773+05:30  INFO 17900 --- [restartedMain] o.s.b.w.embedded.tomcat.TomcatWebServer  : Tomcat started on port(s): 8080 (http) with context path ''
2023-09-27T16:51:57.780+05:30  INFO 17900 --- [restartedMain] .b.E.EmployeeManagementSystemApplication : Started EmployeeManagementSystemApplication in 1.404 seconds (process running for 23697.591)
2023-09-27T16:51:57.781+05:30  INFO 17900 --- [restartedMain] .ConditionEvaluationDeltaLoggingListener : Condition evaluation unchanged
2023-09-27T16:52:24.957+05:30  INFO 17900 --- [http-nio-8080-exec-1] o.a.c.c.C.[Tomcat-2].[localhost].[/]     : Initializing Spring DispatcherServlet 'dispatcherServlet'
2023-09-27T16:52:24.957+05:30  INFO 17900 --- [http-nio-8080-exec-1] o.s.web.servlet.DispatcherServlet        : Initializing Servlet 'dispatcherServlet'
2023-09-27T16:52:24.959+05:30  INFO 17900 --- [http-nio-8080-exec-1] o.s.web.servlet.DispatcherServlet        : Completed initialization in 2 ms
2023-09-27T16:52:24.959+05:30  INFO 17900 --- [http-nio-8080-exec-1] c.b.EMS.Controller.EmployeeController    : Login Method Invoked
2023-09-27T16:52:24.968+05:30 ERROR 17900 --- [http-nio-8080-exec-1] com.backend.EMS.Validation.Validation    : Invalid Email
2023-09-27T16:52:24.978+05:30  WARN 17900 --- [http-nio-8080-exec-1] .m.m.a.ExceptionHandlerExceptionResolver : Resolved [com.backend.EMS.Exception.UserNotFound: Invalid Email]
2023-09-27T16:53:28.065+05:30  INFO 17900 --- [http-nio-8080-exec-4] c.b.EMS.Controller.EmployeeController    : Login Method Invoked
2023-09-27T16:53:28.069+05:30 ERROR 17900 --- [http-nio-8080-exec-4] com.backend.EMS.Validation.Validation    : Invalid Email
2023-09-27T16:53:28.070+05:30  WARN 17900 --- [http-nio-8080-exec-4] .m.m.a.ExceptionHandlerExceptionResolver : Resolved [com.backend.EMS.Exception.UserNotFound: Invalid Email]
2023-09-27T16:57:12.429+05:30  INFO 17900 --- [File Watcher] rtingClassPathChangeChangedEventListener : Restarting due to 1 class path change (0 additions, 0 deletions, 1 modification)
2023-09-27T16:57:12.446+05:30  INFO 17900 --- [Thread-61] o.apache.catalina.core.StandardService   : Stopping service [Tomcat]
2023-09-27T16:57:12.447+05:30  INFO 17900 --- [Thread-61] o.a.c.c.C.[Tomcat-2].[localhost].[/]     : Destroying Spring FrameworkServlet 'dispatcherServlet'
2023-09-27T16:57:12.452+05:30  INFO 17900 --- [Thread-61] j.LocalContainerEntityManagerFactoryBean : Closing JPA EntityManagerFactory for persistence unit 'default'
2023-09-27T16:57:12.452+05:30  INFO 17900 --- [Thread-61] com.zaxxer.hikari.HikariDataSource       : HikariPool-15 - Shutdown initiated...
2023-09-27T16:57:12.462+05:30  INFO 17900 --- [Thread-61] com.zaxxer.hikari.HikariDataSource       : HikariPool-15 - Shutdown completed.
